[2026-03-04T08:12:26.814Z] RELAY: txt -> LOCAL_DISCORD_BREACH [arf]
[2026-03-04T08:12:29.165Z] RELAY: txt -> LOCAL_DISCORD_BREACH [arf]
[2026-03-04T08:12:35.832Z] RELAY: txt -> LOCAL_DISCORD_BREACH [lol]
[2026-03-04T08:12:50.470Z] RELAY: txt -> /dh_discord [1429147686929567826]
[2026-03-04T08:13:35.816Z] RELAY: txt -> /dh_roblox [rawr]
[2026-03-04T08:13:40.341Z] RELAY: txt -> /api/ghosint [rawr]
[2026-03-04T08:16:57.682Z] RELAY: admin -> LOCAL_DISCORD_BREACH [arf]
[2026-03-04T08:17:02.596Z] RELAY: admin -> LOCAL_DISCORD_BREACH [arf]
[2026-03-04T08:17:06.576Z] RELAY: admin -> LOCAL_DISCORD_BREACH [dawg]
[2026-03-04T08:17:49.605Z] RELAY: admin -> LOCAL_DISCORD_BREACH [nextarfr@gmail.com]
[2026-03-04T08:18:38.717Z] RELAY: admin -> LOCAL_DISCORD_BREACH [nextarfr@gmail.com]
[2026-03-04T08:18:39.392Z] RELAY: admin -> LOCAL_DISCORD_BREACH [nextarfr@gmail.com]
[2026-03-04T08:18:39.632Z] RELAY: admin -> LOCAL_DISCORD_BREACH [nextarfr@gmail.com]
[2026-03-04T08:18:39.972Z] RELAY: admin -> LOCAL_DISCORD_BREACH [nextarfr@gmail.com]
[2026-03-04T08:18:40.117Z] RELAY: admin -> LOCAL_DISCORD_BREACH [nextarfr@gmail.com]
[2026-03-04T08:18:40.382Z] RELAY: admin -> LOCAL_DISCORD_BREACH [nextarfr@gmail.com]
[2026-03-04T08:18:40.537Z] RELAY: admin -> LOCAL_DISCORD_BREACH [nextarfr@gmail.com]
[2026-03-04T08:18:44.331Z] RELAY: admin -> LOCAL_DISCORD_BREACH [arf]
[2026-03-04T08:18:59.763Z] RELAY: admin -> LOCAL_DISCORD_BREACH [arf]
[2026-03-04T08:20:14.001Z] RELAY: txt -> LOCAL_DISCORD_BREACH [arf]
[2026-03-04T08:20:15.345Z] RELAY: txt -> LOCAL_DISCORD_BREACH [arf]
[2026-03-04T08:20:15.489Z] RELAY: txt -> LOCAL_DISCORD_BREACH [arf]
[2026-03-04T08:20:15.614Z] RELAY: txt -> LOCAL_DISCORD_BREACH [arf]
[2026-03-04T08:20:15.730Z] RELAY: txt -> LOCAL_DISCORD_BREACH [arf]
[2026-03-04T08:20:15.850Z] RELAY: txt -> LOCAL_DISCORD_BREACH [arf]
[2026-03-04T08:20:15.974Z] RELAY: txt -> LOCAL_DISCORD_BREACH [arf]
[2026-03-04T08:20:23.260Z] RELAY: txt -> /dh_discord [arf]
[2026-03-04T08:20:27.185Z] RELAY: txt -> /dh_roblox [arf]
[2026-03-04T08:21:49.544Z] RELAY: txt -> LOCAL_DISCORD_BREACH [arf]
[2026-03-04T08:24:08.638Z] RELAY: admin -> LOCAL_DISCORD_BREACH [arf]
[2026-03-04T08:25:22.847Z] RELAY: admin -> LOCAL_DISCORD_BREACH [arf]
[2026-03-04T08:26:26.506Z] RELAY: admin -> LOCAL_DISCORD_BREACH [arf]
[2026-03-04T08:28:59.636Z] RELAY: admin -> LOCAL_DISCORD_BREACH [arf]
[2026-03-04T08:30:39.833Z] RELAY: admin -> LOCAL_DISCORD_BREACH [admin]
[2026-03-04T08:30:55.463Z] RELAY: admin -> LOCAL_DISCORD_BREACH [admin]
[2026-03-04T08:33:06.173Z] RELAY: admin -> LOCAL_DISCORD_BREACH [arf]
[2026-03-04T08:34:04.572Z] RELAY: admin -> LOCAL_DISCORD_BREACH [arf]
[2026-03-04T08:42:30.342Z] RELAY: admin -> LOCAL_DISCORD_BREACH [arf]
[2026-03-04T08:42:36.378Z] RELAY: admin -> LOCAL_DISCORD_BREACH [ARF]
[2026-03-04T08:42:39.340Z] RELAY: admin -> LOCAL_DISCORD_BREACH [nigga]
[2026-03-04T08:45:37.976Z] RELAY: admin -> LOCAL_DISCORD_BREACH [nigga]
[2026-03-04T08:47:52.715Z] RELAY: admin -> LOCAL_DISCORD_BREACH [arf]
[2026-03-04T08:49:16.701Z] RELAY: admin -> LOCAL_DISCORD_BREACH [arf]
[2026-03-04T08:49:51.132Z] RELAY: admin -> /dh_discord [1475109660561510553]
[2026-03-04T08:50:07.420Z] RELAY: admin -> /dh_roblox [arf]
[2026-03-04T08:50:33.844Z] RELAY: admin -> /doxbin [arf]
[2026-03-04T08:51:20.626Z] RELAY: admin -> /api/ghosint [arf]
[2026-03-04T08:52:17.821Z] RELAY: admin -> /api/ghosint [rawr]
[2026-03-04T08:55:46.812Z] RELAY: admin -> LOCAL_DISCORD_BREACH [rawr]
[2026-03-04T08:55:51.902Z] RELAY: admin -> LOCAL_DISCORD_BREACH [arf]
[2026-03-04T08:55:57.652Z] RELAY: admin -> /api/ghosint [arf]
[2026-03-04T08:56:01.117Z] RELAY: admin -> /api/person [arf]
[2026-03-04T08:56:15.317Z] RELAY: admin -> /api/person [john]
[2026-03-04T09:04:02.318Z] RELAY: admin -> LOCAL_DISCORD_BREACH [rawr]
[2026-03-04T09:04:04.088Z] RELAY: admin -> LOCAL_DISCORD_BREACH [arf]
[2026-03-04T09:04:06.922Z] RELAY: admin -> /api/ghosint [arf]
[2026-03-04T09:04:12.707Z] RELAY: admin -> /dh_roblox [arf]
[2026-03-04T09:04:22.737Z] RELAY: admin -> /swedish [john]
[2026-03-04T09:04:28.433Z] RELAY: admin -> /npd [john]
[2026-03-04T09:04:33.027Z] RELAY: admin -> /swedish [john doe]
[2026-03-04T09:04:35.588Z] RELAY: admin -> /npd [john doe]
[2026-03-04T09:04:51.673Z] RELAY: admin -> LOCAL_DISCORD_BREACH [arf]
[2026-03-04T09:04:54.178Z] RELAY: admin -> /api/ghosint [arf]
[2026-03-04T09:05:01.138Z] RELAY: admin -> /dh_discord [1475109660561510553]
[2026-03-04T09:05:04.497Z] RELAY: admin -> /dh_roblox [arf]
[2026-03-04T09:05:07.433Z] RELAY: admin -> /dh_username [arf]
[2026-03-04T09:05:19.073Z] RELAY: admin -> /court [arf]
[2026-03-04T09:05:23.853Z] RELAY: admin -> /court [John]
[2026-03-04T09:05:30.445Z] RELAY: admin -> DIRECT_PHONE [6094249592]
[2026-03-04T09:05:37.372Z] RELAY: admin -> /doxbin [6094249592]
[2026-03-04T09:05:40.387Z] RELAY: admin -> /doxbin [arf]
[2026-03-04T09:05:44.788Z] RELAY: admin -> /stealerlogs [arf]
[2026-03-04T09:05:53.972Z] RELAY: admin -> /fivem [arf]
[2026-03-04T09:06:11.700Z] RELAY: admin -> /fivem [federal]
[2026-03-04T09:06:22.607Z] RELAY: admin -> /stealerlogs [federal]
[2026-03-04T09:06:53.485Z] RELAY: admin -> /check [x@x.com]
[2026-03-04T09:07:34.349Z] RELAY: admin -> /npd [John Doe]
[2026-03-04T09:07:44.512Z] RELAY: admin -> /swedish [John Doe]
[2026-03-04T09:07:55.447Z] RELAY: admin -> /dh_username [John Doe]
[2026-03-04T09:08:07.786Z] RELAY: admin -> /dh_roblox [John Doe]
[2026-03-04T09:08:14.317Z] RELAY: admin -> /api/ghosint [John Doe]
[2026-03-04T09:08:24.627Z] RELAY: admin -> /api/ghosint [John Doe]
[2026-03-04T09:08:25.252Z] RELAY: admin -> /api/ghosint [John Doe]
[2026-03-04T09:08:25.615Z] RELAY: admin -> /api/ghosint [John Doe]
[2026-03-04T09:08:25.997Z] RELAY: admin -> /api/ghosint [John Doe]
[2026-03-04T09:14:53.528Z] RELAY: admin -> /api/ghosint [rawr]
[2026-03-04T09:15:17.383Z] RELAY: admin -> /dh_roblox [rawr]
[2026-03-04T09:15:47.898Z] RELAY: admin -> LOCAL_DISCORD_BREACH [arf]
[2026-03-04T09:15:52.032Z] RELAY: admin -> LOCAL_DISCORD_BREACH [admin]
[2026-03-04T09:16:26.899Z] RELAY: admin -> /api/ghosint [arawr]
[2026-03-04T09:16:29.823Z] RELAY: admin -> /api/ghosint [rawr]
[2026-03-04T09:16:41.098Z] RELAY: admin -> LOCAL_DISCORD_BREACH [rawr]
[2026-03-04T09:16:42.768Z] RELAY: admin -> LOCAL_DISCORD_BREACH [raw]
[2026-03-04T09:16:44.483Z] RELAY: admin -> LOCAL_DISCORD_BREACH [arf]
[2026-03-04T09:16:47.845Z] RELAY: admin -> LOCAL_DISCORD_BREACH [niggabeans]
[2026-03-04T09:16:51.061Z] RELAY: admin -> LOCAL_DISCORD_BREACH [beans]
[2026-03-04T09:16:51.940Z] RELAY: admin -> LOCAL_DISCORD_BREACH [bean]
[2026-03-04T09:16:53.726Z] RELAY: admin -> LOCAL_DISCORD_BREACH [ea]
[2026-03-04T09:16:56.135Z] RELAY: admin -> LOCAL_DISCORD_BREACH [ew]
[2026-03-04T09:16:57.286Z] RELAY: admin -> LOCAL_DISCORD_BREACH [wer]
[2026-03-04T09:16:58.565Z] RELAY: admin -> LOCAL_DISCORD_BREACH [tw]
[2026-03-04T09:16:59.749Z] RELAY: admin -> LOCAL_DISCORD_BREACH [ye]
[2026-03-04T09:17:02.254Z] RELAY: admin -> LOCAL_DISCORD_BREACH [tyler]
[2026-03-04T09:17:03.773Z] RELAY: admin -> LOCAL_DISCORD_BREACH [ty]
[2026-03-04T09:17:05.133Z] RELAY: admin -> LOCAL_DISCORD_BREACH [tylol]
[2026-03-04T09:17:06.981Z] RELAY: admin -> LOCAL_DISCORD_BREACH [tye]
[2026-03-04T09:17:08.029Z] RELAY: admin -> LOCAL_DISCORD_BREACH [tyeh]
[2026-03-04T09:17:08.949Z] RELAY: admin -> LOCAL_DISCORD_BREACH [tye]
[2026-03-04T09:21:25.338Z] RELAY: admin -> /api/discord2roblox [1275587416924885002]
[2026-03-04T09:25:50.854Z] RELAY: admin -> /api/discord2roblox [1275587416924885002]
[2026-03-04T09:25:55.174Z] RELAY: admin -> /dh_discord [1275587416924885002]
[2026-03-04T09:29:53.622Z] RELAY: admin -> /api/ghosint [arf]
[2026-03-04T09:30:00.084Z] RELAY: admin -> LOCAL_DISCORD_BREACH [arf]
[2026-03-04T09:31:05.696Z] RELAY: admin -> /api/discord2roblox [1275587416924885002]
[2026-03-04T09:31:29.220Z] RELAY: admin -> /api/discord2roblox [1437247756010786926]
[2026-03-04T09:32:27.826Z] RELAY: admin -> /api/ghosint [arf]
[2026-03-04T09:33:07.097Z] RELAY: admin -> /stealerlogs [arf]
[2026-03-04T09:34:33.584Z] RELAY: admin -> LOCAL_DISCORD_BREACH [arf]
[2026-03-04T09:34:35.468Z] RELAY: admin -> /api/ghosint [arf]
[2026-03-04T09:35:13.085Z] RELAY: admin -> /api/discord2roblox [arf]
[2026-03-04T09:37:33.617Z] RELAY: admin -> /api/ghosint [arf]
[2026-03-04T09:38:09.509Z] RELAY: admin -> /swedish [John]
[2026-03-04T09:38:12.769Z] RELAY: admin -> /npd [John]
[2026-03-04T09:38:15.713Z] RELAY: admin -> DIRECT_PHONE [John]
[2026-03-04T09:38:20.605Z] RELAY: admin -> DIRECT_PHONE [6094249591]
[2026-03-04T09:38:24.652Z] RELAY: admin -> /court [John]
[2026-03-04T09:38:42.855Z] RELAY: admin -> /doxbin [John]
[2026-03-04T09:38:58.219Z] RELAY: admin -> /stealerlogs [John]
[2026-03-04T09:39:10.133Z] RELAY: admin -> /fivem [John]
[2026-03-04T09:39:14.157Z] RELAY: admin -> /ip [1.1.1.1]
[2026-03-04T09:39:22.259Z] RELAY: admin -> /dh_username [rarw]
[2026-03-04T09:39:34.200Z] RELAY: admin -> /dh_roblox [rarw]
[2026-03-04T09:39:44.660Z] RELAY: admin -> /api/ghosint [rarw]
[2026-03-04T09:52:44.773Z] RELAY: admin -> /api/discord2roblox [rawr]
[2026-03-04T09:52:48.793Z] RELAY: admin -> /api/discord2roblox [arf]
[2026-03-04T09:53:11.388Z] RELAY: admin -> /api/discord2roblox [1.1.1.1]
[2026-03-04T09:53:14.898Z] RELAY: admin -> /dh_roblox [1.1.1.1]
[2026-03-04T09:53:17.493Z] RELAY: admin -> /dh_roblox [arf]
[2026-03-04T09:58:05.322Z] RELAY: admin -> /dh_username [arf]
[2026-03-04T10:03:27.536Z] RELAY: admin -> /dh_roblox [arf]
[2026-03-04T10:03:39.846Z] RELAY: admin -> LOCAL_DISCORD_BREACH [arf]
[2026-03-04T10:03:42.380Z] RELAY: admin -> /api/ghosint [arf]
[2026-03-04T10:06:07.313Z] RELAY: admin -> /api/discord2roblox [arf]
[2026-03-04T10:06:13.966Z] RELAY: admin -> /dh_discord [1475109660561510553]
[2026-03-04T10:06:17.995Z] RELAY: admin -> /dh_roblox [arf]
[2026-03-04T10:06:20.660Z] RELAY: admin -> /dh_username [arf]
[2026-03-04T10:06:30.442Z] RELAY: admin -> /swedish [John]
[2026-03-04T10:08:06.500Z] RELAY: admin -> /api/shodan/search [1.1.1.1]
[2026-03-04T10:08:11.190Z] RELAY: admin -> /api/shodan/host [1.1.1.1]
[2026-03-04T10:08:16.395Z] RELAY: admin -> LOCAL_DISCORD_BREACH [arf]
[2026-03-04T10:08:21.122Z] RELAY: admin -> /api/ghosint [arf]
[2026-03-04T10:08:53.217Z] RELAY: admin -> /dh_roblox [arf]
[2026-03-04T10:08:56.347Z] RELAY: admin -> /dh_username [arf]
[2026-03-04T10:12:30.612Z] RELAY: admin -> /api/shodan/search [1.1.1.1]
[2026-03-04T10:12:33.387Z] RELAY: admin -> /api/shodan/host [1.1.1.1]
[2026-03-04T10:12:38.038Z] RELAY: admin -> LOCAL_DISCORD_BREACH [arf]
[2026-03-04T10:12:41.363Z] RELAY: admin -> /api/ghosint [arf]
[2026-03-04T10:12:52.824Z] RELAY: admin -> /dh_roblox [arf]
[2026-03-04T10:14:06.042Z] RELAY: admin -> /dh_username [arf]
[2026-03-04T10:14:14.469Z] RELAY: admin -> /swedish [arfJohn]
[2026-03-04T10:14:19.676Z] RELAY: admin -> /swedish [John]
[2026-03-04T10:14:29.180Z] RELAY: admin -> /swedish [Ela]
[2026-03-04T10:14:55.740Z] RELAY: admin -> /api/shodan/search [1.1.1.1]
[2026-03-04T10:14:58.662Z] RELAY: admin -> /api/shodan/host [1.1.1.1]
[2026-03-04T10:15:01.787Z] RELAY: admin -> LOCAL_DISCORD_BREACH [arf]
[2026-03-04T10:15:04.062Z] RELAY: admin -> /api/ghosint [arf]
[2026-03-04T10:15:17.358Z] RELAY: admin -> /api/ghosint [arf]
[2026-03-04T10:16:32.422Z] RELAY: admin -> /api/shodan/search [1.1.1.1]
[2026-03-04T10:16:36.319Z] RELAY: admin -> /api/shodan/host [1.1.1.1]
[2026-03-04T10:16:40.249Z] RELAY: admin -> LOCAL_DISCORD_BREACH [arf]
[2026-03-04T10:16:45.834Z] RELAY: admin -> /api/ghosint [arf]
[2026-03-04T10:17:09.879Z] RELAY: admin -> /api/discord2roblox [1475109660561510553]
[2026-03-04T10:17:14.358Z] RELAY: admin -> /dh_discord [1475109660561510553]
[2026-03-04T10:17:32.854Z] RELAY: admin -> /dh_discord [1275587416924885002]
[2026-03-04T10:18:04.510Z] RELAY: admin -> /api/shodan/search [1.1.1.1]
[2026-03-04T10:18:06.693Z] RELAY: admin -> /api/shodan/host [1.1.1.1]
[2026-03-04T10:18:24.428Z] RELAY: admin -> /ip [1.1.1.1]
[2026-03-04T10:18:28.159Z] RELAY: admin -> /stealerlogs [1.1.1.1]
[2026-03-04T10:18:46.415Z] RELAY: admin -> /doxbin [arc]
[2026-03-04T10:19:05.510Z] RELAY: admin -> /court [John]
[2026-03-04T10:19:19.798Z] RELAY: admin -> /npd [John]
[2026-03-04T10:19:27.773Z] RELAY: admin -> /npd [John Doe]
[2026-03-04T10:19:30.248Z] RELAY: admin -> /swedish [John Doe]
[2026-03-04T10:19:41.734Z] RELAY: admin -> /dh_username [John Doe]
[2026-03-04T10:19:50.913Z] RELAY: admin -> /dh_username [rawr]
[2026-03-04T10:22:16.908Z] RELAY: admin -> /api/shodan/search [1.1.1.1]
[2026-03-04T10:22:20.040Z] RELAY: admin -> /api/shodan/host [1.1.1.1]
[2026-03-04T10:22:23.175Z] RELAY: admin -> LOCAL_DISCORD_BREACH [arf]
[2026-03-04T10:22:24.507Z] RELAY: admin -> LOCAL_DISCORD_BREACH [arfrwer]
[2026-03-04T10:22:25.723Z] RELAY: admin -> LOCAL_DISCORD_BREACH [ra]
[2026-03-04T10:22:27.970Z] RELAY: admin -> /api/ghosint [ra]
[2026-03-04T10:22:47.527Z] RELAY: admin -> /api/ghosint [arf]
[2026-03-04T10:22:57.578Z] RELAY: admin -> /api/discord2roblox [1475109660561510553]
[2026-03-04T10:23:00.428Z] RELAY: admin -> /dh_discord [1475109660561510553]
[2026-03-04T10:23:05.154Z] RELAY: admin -> /dh_roblox [arf]
[2026-03-04T10:23:08.344Z] RELAY: admin -> /dh_username [arf]
[2026-03-04T10:23:17.780Z] RELAY: admin -> /swedish [John]
[2026-03-04T10:23:21.813Z] RELAY: admin -> /npd [John]
[2026-03-04T10:23:25.663Z] RELAY: admin -> /court [John]
[2026-03-04T10:23:33.124Z] RELAY: admin -> /doxbin [John]
[2026-03-04T10:23:37.363Z] RELAY: admin -> /stealerlogs [John]
[2026-03-04T10:25:44.110Z] RELAY: admin -> /stealerlogs [John doe]
[2026-03-04T10:31:05.409Z] RELAY: admin -> /dh_username [arf]
[2026-03-04T10:31:53.234Z] RELAY: admin -> /check [arf]
[2026-03-04T10:32:27.064Z] RELAY: admin -> /check [x@x.com]
[2026-03-04T10:33:14.759Z] RELAY: admin -> /api/ghosint [x@x.com]
[2026-03-04T10:33:38.204Z] RELAY: admin -> /swedish [John]
[2026-03-04T10:37:30.996Z] RELAY: admin -> /api/shodan/host [rawr]
[2026-03-04T10:37:33.669Z] RELAY: admin -> /api/shodan/host [1.1.1.1]
[2026-03-04T10:37:38.054Z] RELAY: admin -> /api/ghosint [arf]
[2026-03-04T10:37:47.318Z] RELAY: admin -> /stealerlogs [arf]
[2026-03-04T10:41:48.119Z] RELAY: admin -> /check [arf]
[2026-03-04T10:41:54.583Z] RELAY: admin -> /dh_email [arf]
[2026-03-04T10:41:58.918Z] RELAY: admin -> /api/ghosint [arf]
[2026-03-04T10:44:00.144Z] RELAY: admin -> /ip [arf]
[2026-03-04T10:44:03.461Z] RELAY: admin -> /ip [1.1.1.1]
[2026-03-04T10:44:13.300Z] RELAY: admin -> /dh_email [x@x.com]
[2026-03-04T10:44:39.675Z] RELAY: admin -> /check [x@x.com]
[2026-03-04T10:47:10.806Z] RELAY: admin -> /api/shodan/search [1.1.1.1]
[2026-03-04T10:47:13.879Z] RELAY: admin -> /dh_email [1.1.1.1]
[2026-03-04T10:47:21.329Z] RELAY: admin -> /api/ghosint [arf]
[2026-03-04T10:47:26.191Z] RELAY: admin -> /dh_username [arf]
[2026-03-04T10:47:43.302Z] RELAY: admin -> /dh_discord [1475109660561510553]
[2026-03-04T10:47:47.738Z] RELAY: admin -> /dh_roblox [arf]
[2026-03-04T10:47:53.389Z] RELAY: admin -> /api/discord2roblox [arf]
[2026-03-04T10:48:10.516Z] RELAY: admin -> /swedish [john]
[2026-03-04T10:48:14.042Z] RELAY: admin -> /court [john]
[2026-03-04T10:48:27.003Z] RELAY: admin -> /npd [john]
[2026-03-04T10:50:53.949Z] RELAY: admin -> /api/sniff [1.1.1.1]
[2026-03-04T10:50:59.718Z] RELAY: admin -> /api/darkweb [1.1.1.1]
[2026-03-04T10:51:02.028Z] RELAY: admin -> /ip [1.1.1.1]
[2026-03-04T10:51:05.828Z] RELAY: admin -> /doxbin [1.1.1.1]
[2026-03-04T10:51:08.508Z] RELAY: admin -> /doxbin [rawr]
[2026-03-04T10:51:13.903Z] RELAY: admin -> /stealerlogs [rawr]
[2026-03-04T10:53:02.879Z] RELAY: admin -> /check [arf]
[2026-03-04T10:53:23.612Z] RELAY: admin -> /api/shodan/search [1.1.1]
[2026-03-04T10:53:25.963Z] RELAY: admin -> /api/shodan/host [1.1.1]
[2026-03-04T10:53:29.063Z] RELAY: admin -> /api/ghosint [arf]
[2026-03-04T10:53:33.596Z] RELAY: admin -> /api/dns [arf]
[2026-03-04T10:53:37.060Z] RELAY: admin -> /api/dns [1.1.1.1]
[2026-03-04T10:53:40.273Z] RELAY: admin -> /dh_username [arf]
[2026-03-04T10:53:44.898Z] RELAY: admin -> /dh_username [arf]
[2026-03-04T10:54:39.941Z] RELAY: admin -> /swedish [John]
[2026-03-04T10:54:42.984Z] RELAY: admin -> /court [John]
[2026-03-04T10:54:59.264Z] RELAY: admin -> /stealerlogs [John]
[2026-03-04T10:55:14.984Z] RELAY: admin -> /doxbin [John]
[2026-03-04T10:55:27.204Z] RELAY: admin -> /npd [John]
[2026-03-04T10:57:58.464Z] RELAY: admin -> /api/ghosint [arf]
[2026-03-04T11:01:55.828Z] RELAY: admin -> /stealerlogs [arf]
[2026-03-04T11:03:55.973Z] RELAY: admin -> /check [x@x.com]
[2026-03-04T11:04:15.700Z] RELAY: admin -> /dh_email [x@x.com]
[2026-03-04T11:05:35.261Z] RELAY: admin -> /check [x@x.com]
[2026-03-04T11:06:55.434Z] RELAY: admin -> /dh_username [rawr]
[2026-03-04T11:09:26.485Z] RELAY: admin -> /check [x@x.com]
[2026-03-04T11:09:47.194Z] RELAY: admin -> /dh_email [x@x.com]
[2026-03-04T11:18:01.124Z] RELAY: admin -> /api/discord2roblox [arf]
[2026-03-04T11:18:10.029Z] RELAY: admin -> LOCAL_DISCORD_BREACH [arf]
[2026-03-04T11:21:52.300Z] RELAY: admin -> /check [x@x.com]
[2026-03-04T11:22:23.394Z] RELAY: admin -> /dh_email [x@x.com]
[2026-03-04T11:23:59.004Z] RELAY: admin -> /dh_username [rawr]
[2026-03-04T11:24:04.434Z] RELAY: admin -> /dh_roblox [rawr]
[2026-03-04T11:24:23.815Z] RELAY: admin -> /api/ghosint [rawr]
[2026-03-04T11:24:39.194Z] RELAY: admin -> /dh_roblox [arf]
[2026-03-04T11:24:44.785Z] RELAY: admin -> /dh_username [arf]
[2026-03-04T11:24:59.432Z] RELAY: admin -> /swedish [john]
[2026-03-04T11:25:03.095Z] RELAY: admin -> /swedish [john]
[2026-03-04T11:25:05.996Z] RELAY: admin -> /npd [john]
[2026-03-04T11:25:09.390Z] RELAY: admin -> /court [john]
[2026-03-04T11:25:14.171Z] RELAY: admin -> /swedish [john]
[2026-03-04T11:25:18.371Z] RELAY: admin -> /doxbin [john]
[2026-03-04T11:25:38.309Z] RELAY: admin -> /swedish [john]
[2026-03-04T11:25:42.300Z] RELAY: admin -> /npd [john]
[2026-03-04T11:26:00.146Z] RELAY: admin -> /stealerlogs [john]
[2026-03-04T11:26:25.871Z] RELAY: admin -> /npd [rawr]
[2026-03-04T11:26:32.455Z] RELAY: admin -> /court [JOHN]
[2026-03-04T11:26:38.125Z] RELAY: admin -> /npd [JOHN]
[2026-03-04T11:26:40.836Z] RELAY: admin -> /swedish [JOHN]
[2026-03-04T11:26:49.377Z] RELAY: admin -> LOCAL_DISCORD_BREACH [JOHN]
[2026-03-04T11:26:54.215Z] RELAY: admin -> LOCAL_DISCORD_BREACH [arf]
[2026-03-04T11:26:56.786Z] RELAY: admin -> /api/ghosint [arf]
[2026-03-04T11:27:07.559Z] RELAY: admin -> /dh_roblox [arf]
[2026-03-04T11:53:22.524Z] RELAY: admin -> /dh_roblox [lol]
[2026-03-04T11:55:59.342Z] RELAY: admin -> /npd [John]
[2026-03-04T11:56:02.021Z] RELAY: admin -> /npd [John Doe]
[2026-03-04T11:58:49.064Z] RELAY: admin -> LOCAL_DISCORD_BREACH [rawr]
[2026-03-04T11:59:15.214Z] RELAY: admin -> LOCAL_DISCORD_BREACH [rawr]
[2026-03-04T11:59:16.884Z] RELAY: admin -> LOCAL_DISCORD_BREACH [arf]
[2026-03-04T11:59:29.074Z] RELAY: admin -> /api/ghosint [arf]
[2026-03-04T11:59:41.060Z] RELAY: admin -> /dh_discord [1475109660561510553]
[2026-03-04T11:59:49.524Z] RELAY: admin -> /dh_roblox [arf]
[2026-03-04T11:59:54.157Z] RELAY: admin -> /dh_roblox [dulczewski]
[2026-03-04T12:00:07.963Z] RELAY: admin -> /dh_roblox [roblox]
[2026-03-04T12:00:46.451Z] RELAY: admin -> /dh_username [roblox]
[2026-03-04T12:01:17.823Z] RELAY: admin -> /swedish [roblox]
[2026-03-04T12:01:21.716Z] RELAY: admin -> /swedish [John]
[2026-03-04T12:01:25.731Z] RELAY: admin -> /npd [John]
[2026-03-04T12:01:30.320Z] RELAY: admin -> DIRECT_PHONE [John]
[2026-03-04T12:01:35.094Z] RELAY: admin -> /court [John]
[2026-03-04T12:01:50.380Z] RELAY: admin -> /doxbin [John]
[2026-03-04T12:01:54.939Z] RELAY: admin -> /stealerlogs [John]
[2026-03-04T12:02:28.946Z] RELAY: admin -> /ip [1.1.1.1]
[2026-03-04T12:02:34.080Z] RELAY: admin -> /fivem [fed]
[2026-03-04T12:54:28.524Z] RELAY: admin -> LOCAL_DISCORD_BREACH [arf]
