[RELAY] Operator REQUESTED rawr ON /api/ghosint
[RELAY] Operator REQUESTED rawr ON /ud_breach?query=
[RELAY] Operator REQUESTED x@x.com ON /check?q=
[RELAY] Operator | /api/ghosint | QUERY: rawr
[RELAY] Operator | discord2roblox | QUERY: 1475109660561510553
[RELAY] Operator | /dh_discord?id= | QUERY: 1475109660561510553
[RELAY] Operator | /dh_username?username= | QUERY: rawr
[2026-03-04T03:51:12.043Z] OP:ADMIN_OPERATOR | ROUTE:/api/ghosint | Q:rawr
[2026-03-04T03:51:55.859Z] OP:ADMIN_OPERATOR | ROUTE:/ud_breach?query= | Q:rawr
[2026-03-04T03:51:59.904Z] OP:ADMIN_OPERATOR | ROUTE:/dh_username?username= | Q:rawr
[2026-03-04T03:52:39.038Z] OP:ADMIN_OPERATOR | ROUTE:/api/ghosint | Q:rawr
[2026-03-04T03:54:05.903Z] OP:ADMIN_OPERATOR | ROUTE:/api/ghosint | Q:rawr
[2026-03-04T03:56:15.913Z] OP:ADMIN_OPERATOR | ROUTE:/api/ghosint | Q:rawr
[2026-03-04T04:01:44.089Z] OP:ADMIN_OPERATOR | ROUTE:/api/ghosint | Q:rawr
[2026-03-04T04:02:09.339Z] OP:ADMIN_OPERATOR | ROUTE:/ud_breach?query= | Q:rawr
[2026-03-04T04:02:11.544Z] OP:ADMIN_OPERATOR | ROUTE:/check?q= | Q:rawr
[2026-03-04T04:02:23.929Z] OP:ADMIN_OPERATOR | ROUTE:/dh_username?username= | Q:rawr
[2026-03-04T04:04:41.764Z] OP:ADMIN_OPERATOR | ROUTE:/api/ghosint | Q:rawr
[2026-03-04T04:07:35.359Z] OP:ADMIN_OPERATOR | ROUTE:/api/ghosint | Q:rawr
[2026-03-04T04:12:49.719Z] OP:ADMIN_OPERATOR | ROUTE:/api/ghosint | Q:rawr
[2026-03-04T04:14:34.759Z] OP:ADMIN_OPERATOR | ROUTE:/api/ghosint | Q:rawr
[2026-03-04T04:15:14.159Z] OP:ADMIN_OPERATOR | ROUTE:/api/ghosint | Q:rawr
[2026-03-04T04:15:51.183Z] OP:ADMIN_OPERATOR | ROUTE:/api/ghosint | Q:rawr
[2026-03-04T04:17:23.766Z] OP:ADMIN_OPERATOR | ROUTE:/api/ghosint | Q:rawr
[2026-03-04T04:19:37.774Z] OP:ADMIN_OPERATOR | ROUTE:/api/ghosint | Q:rawr
[2026-03-04T04:20:59.213Z] OP:ADMIN_OPERATOR | ROUTE:/api/ghosint | Q:rawr
[2026-03-04T04:23:27.018Z] OP:ADMIN_OPERATOR | ROUTE:/api/ghosint | Q:rawr
[2026-03-04T04:25:36.768Z] OP:ADMIN_OPERATOR | ROUTE:/api/ghosint | Q:rawr
[2026-03-04T04:25:40.390Z] OP:ADMIN_OPERATOR | ROUTE:/ud_breach?query= | Q:rawr
[2026-03-04T04:25:46.035Z] OP:ADMIN_OPERATOR | ROUTE:/check?q= | Q:x@x.com
[2026-03-04T04:27:57.826Z] OP:ADMIN_OPERATOR | ROUTE:/api/ghosint | Q:rawr
[2026-03-04T04:29:53.916Z] OP:ADMIN_OPERATOR | ROUTE:/api/ghosint | Q:rawr
[2026-03-04T05:00:14.461Z] OP:ADMIN_OPERATOR | ROUTE:/api/ghosint | Q:rawr | STATUS:200_SUCCESS
[2026-03-04T05:05:19.727Z] OP:ADMIN_OPERATOR | ROUTE:/api/ghosint | Q:rawr | STATUS:200_SUCCESS
[2026-03-04T05:05:30.202Z] OP:ADMIN_OPERATOR | ROUTE:/vin?vin= | Q:rawr | STATUS:FAIL_404
[2026-03-04T05:05:35.213Z] OP:ADMIN_OPERATOR | ROUTE:plate?plate=
 | Q:rawr | STATUS:FAIL_502
[2026-03-04T05:11:12.247Z] OP:ADMIN_OPERATOR | ROUTE:/api/ghosintrawr | Q:rawr | STATUS:200_SUCCESS
[2026-03-04T05:11:52.777Z] OP:ADMIN_OPERATOR | ROUTE:/ud_breach?query=rawr | Q:rawr | STATUS:FAIL_404
[2026-03-04T05:12:03.317Z] OP:ADMIN_OPERATOR | ROUTE:/check?q=rawr | Q:rawr | STATUS:FAIL_500
[2026-03-04T05:23:05.180Z] OP:ADMIN_OPERATOR | ROUTE:/api/ghosint | Q:rawwr | STATUS:200_SUCCESS | LATENCY:858ms
[2026-03-04T05:23:52.576Z] OP:ADMIN_OPERATOR | ROUTE:/ud_breach | Q:rawwr | STATUS:FAIL_502 | LATENCY:60020ms
[2026-03-04T05:25:43.366Z] OP:ADMIN_OPERATOR | ROUTE:/api/ghosint | Q:rawr | STATUS:200_SUCCESS | LATENCY:2095ms
[2026-03-04T05:26:42.139Z] OP:ADMIN_OPERATOR | ROUTE:/api/ghosint | Q:rawr | STATUS:200_SUCCESS | LATENCY:1020ms
[2026-03-04T05:26:47.548Z] OP:ADMIN_OPERATOR | ROUTE:/shodan/shodan/host | Q:1.1.1.1 | STATUS:200_SUCCESS | LATENCY:1045ms
[2026-03-04T05:26:52.491Z] OP:ADMIN_OPERATOR | ROUTE:/shodan/shodan/host/search | Q:rawr | STATUS:FAIL_403 | LATENCY:173ms
[2026-03-04T05:27:40.693Z] OP:ADMIN_OPERATOR | ROUTE:/ip | Q:1.1.1.1 | STATUS:200_SUCCESS | LATENCY:272ms
[2026-03-04T05:31:47.494Z] OP:ADMIN_OPERATOR | ROUTE:https://osintsolutions.org/ | Q:6094149592 | STATUS:FAIL_403 | LATENCY:177ms
[2026-03-04T05:32:52.073Z] OP:ADMIN_OPERATOR | ROUTE:/api/ghosint | Q:rawr | STATUS:200_SUCCESS | LATENCY:842ms
[2026-03-04T05:39:32.641Z] OP:ADMIN_OPERATOR | ROUTE:/dh_username | Q:rawr | STATUS:FAIL_400 | LATENCY:324ms
[2026-03-04T05:39:39.872Z] OP:ADMIN_OPERATOR | ROUTE:/npd | Q:john | STATUS:FAIL_400 | LATENCY:290ms
[2026-03-04T05:42:05.313Z] OP:ADMIN_OPERATOR | ROUTE:https://api.numlookupapi.com/v1/validate/ | Q:rawr | STATUS:FAIL_404 | LATENCY:1235ms
[2026-03-04T05:43:40.233Z] OP:ADMIN_OPERATOR | ROUTE:/dh_discord | Q:rawr | STATUS:FAIL_400 | LATENCY:340ms
[2026-03-04T05:43:49.365Z] OP:ADMIN_OPERATOR | ROUTE:/dh_discord | Q:1429147686929567826 | STATUS:FAIL_400 | LATENCY:978ms
[2026-03-04T05:47:19.417Z] OP:ADMIN_OPERATOR | ROUTE:DIRECT_PHONE | Q:rawr | STATUS:FAIL_404 | LATENCY:489ms
[2026-03-04T05:47:24.760Z] OP:ADMIN_OPERATOR | ROUTE:DIRECT_PHONE | Q:6094249591 | STATUS:200_SUCCESS | LATENCY:737ms
[2026-03-04T05:47:34.906Z] OP:ADMIN_OPERATOR | ROUTE:/dh_discord | Q:1429147686929567826 | STATUS:FAIL_400 | LATENCY:1893ms
